Fri Apr 14 20:54:11 EDT 2023 : Apache Derby Network Server - 10.11.1.2 - (1629631) started and ready to accept connections on port 1527
----------------------------------------------------------------
Fri Apr 14 20:54:12 EDT 2023:
Booting Derby version The Apache Software Foundation - Apache Derby - 10.11.1.2 - (1629631): instance a816c00e-0187-8267-c43f-ffffcf8ab327 
on database directory G:\Studies\Programmation\CCRU\CCRU Money\app\db\ccrumoney with class loader jdk.internal.loader.ClassLoaders$AppClassLoader@4e0e2f2a 
Loaded from file:/C:/Program%20Files/Java/jdk1.8.0_121/db/lib/derby.jar
java.vendor=Oracle Corporation
java.runtime.version=15.0.2+7-27
user.dir=C:\Program Files\Java\jdk1.8.0_121\db
os.name=Windows 10
os.arch=amd64
os.version=10.0
derby.system.home=G:\Studies\Programmation\CCRU\CCRU Money\app\db
Database Class Loader started - derby.database.classpath=''
----------------------------------------------------------------
Fri Apr 14 21:01:55 EDT 2023: Shutting down Derby engine
----------------------------------------------------------------
Fri Apr 14 21:01:55 EDT 2023:
Shutting down instance a816c00e-0187-8267-c43f-ffffcf8ab327 on database directory G:\Studies\Programmation\CCRU\CCRU Money\app\db\ccrumoney with class loader jdk.internal.loader.ClassLoaders$AppClassLoader@4e0e2f2a 
----------------------------------------------------------------
